Analysis & Synthesis report for reloj4
Fri Mar 18 18:50:51 2022
Quartus Prime Version 20.1.0 Build 711 06/05/2020 SJ Lite Edition


---------------------
; Table of Contents ;
---------------------
  1. Legal Notice
  2. Analysis & Synthesis Summary
  3. Analysis & Synthesis Settings
  4. Parallel Compilation
  5. Analysis & Synthesis Source Files Read
  6. Analysis & Synthesis Resource Usage Summary
  7. Analysis & Synthesis Resource Utilization by Entity
  8. General Register Statistics
  9. Multiplexer Restructuring Statistics (Restructuring Performed)
 10. Parameter Settings for User Entity Instance: Top-level Entity: |reloj4
 11. Parameter Settings for User Entity Instance: crono59m:x1
 12. Analysis & Synthesis Messages



----------------
; Legal Notice ;
----------------
Copyright (C) 2020  Intel Corporation. All rights reserved.
Your use of Intel Corporation's design tools, logic functions 
and other software and tools, and any partner logic 
functions, and any output files from any of the foregoing 
(including device programming or simulation files), and any 
associated documentation or information are expressly subject 
to the terms and conditions of the Intel Program License 
Subscription Agreement, the Intel Quartus Prime License Agreement,
the Intel FPGA IP License Agreement, or other applicable license
agreement, including, without limitation, that your use is for
the sole purpose of programming logic devices manufactured by
Intel and sold by Intel or its authorized distributors.  Please
refer to the applicable agreement for further details, at
https://fpgasoftware.intel.com/eula.



+---------------------------------------------------------------------------+
; Analysis & Synthesis Summary                                              ;
+-----------------------------+---------------------------------------------+
; Analysis & Synthesis Status ; Successful - Fri Mar 18 18:50:51 2022       ;
; Quartus Prime Version       ; 20.1.0 Build 711 06/05/2020 SJ Lite Edition ;
; Revision Name               ; reloj4                                      ;
; Top-level Entity Name       ; reloj4                                      ;
; Family                      ; MAX II                                      ;
; Total logic elements        ; 109                                         ;
; Total pins                  ; 20                                          ;
; Total virtual pins          ; 0                                           ;
; UFM blocks                  ; 0 / 1 ( 0 % )                               ;
+-----------------------------+---------------------------------------------+


+------------------------------------------------------------------------------------------------------------+
; Analysis & Synthesis Settings                                                                              ;
+------------------------------------------------------------------+--------------------+--------------------+
; Option                                                           ; Setting            ; Default Value      ;
+------------------------------------------------------------------+--------------------+--------------------+
; Device                                                           ; EPM240T100C5       ;                    ;
; Top-level entity name                                            ; reloj4             ; reloj4             ;
; Family name                                                      ; MAX II             ; Cyclone V          ;
; Use smart compilation                                            ; Off                ; Off                ;
; Enable parallel Assembler and Timing Analyzer during compilation ; On                 ; On                 ;
; Enable compact report table                                      ; Off                ; Off                ;
; Restructure Multiplexers                                         ; Auto               ; Auto               ;
; Create Debugging Nodes for IP Cores                              ; Off                ; Off                ;
; Preserve fewer node names                                        ; On                 ; On                 ;
; Intel FPGA IP Evaluation Mode                                    ; Enable             ; Enable             ;
; Verilog Version                                                  ; Verilog_2001       ; Verilog_2001       ;
; VHDL Version                                                     ; VHDL_1993          ; VHDL_1993          ;
; State Machine Processing                                         ; Auto               ; Auto               ;
; Safe State Machine                                               ; Off                ; Off                ;
; Extract Verilog State Machines                                   ; On                 ; On                 ;
; Extract VHDL State Machines                                      ; On                 ; On                 ;
; Ignore Verilog initial constructs                                ; Off                ; Off                ;
; Iteration limit for constant Verilog loops                       ; 5000               ; 5000               ;
; Iteration limit for non-constant Verilog loops                   ; 250                ; 250                ;
; Add Pass-Through Logic to Inferred RAMs                          ; On                 ; On                 ;
; Infer RAMs from Raw Logic                                        ; On                 ; On                 ;
; Parallel Synthesis                                               ; On                 ; On                 ;
; NOT Gate Push-Back                                               ; On                 ; On                 ;
; Power-Up Don't Care                                              ; On                 ; On                 ;
; Remove Redundant Logic Cells                                     ; Off                ; Off                ;
; Remove Duplicate Registers                                       ; On                 ; On                 ;
; Ignore CARRY Buffers                                             ; Off                ; Off                ;
; Ignore CASCADE Buffers                                           ; Off                ; Off                ;
; Ignore GLOBAL Buffers                                            ; Off                ; Off                ;
; Ignore ROW GLOBAL Buffers                                        ; Off                ; Off                ;
; Ignore LCELL Buffers                                             ; Off                ; Off                ;
; Ignore SOFT Buffers                                              ; On                 ; On                 ;
; Limit AHDL Integers to 32 Bits                                   ; Off                ; Off                ;
; Optimization Technique                                           ; Balanced           ; Balanced           ;
; Carry Chain Length                                               ; 70                 ; 70                 ;
; Auto Carry Chains                                                ; On                 ; On                 ;
; Auto Open-Drain Pins                                             ; On                 ; On                 ;
; Perform WYSIWYG Primitive Resynthesis                            ; Off                ; Off                ;
; Auto Shift Register Replacement                                  ; Auto               ; Auto               ;
; Allow Shift Register Merging across Hierarchies                  ; Auto               ; Auto               ;
; Auto Clock Enable Replacement                                    ; On                 ; On                 ;
; Allow Synchronous Control Signals                                ; On                 ; On                 ;
; Force Use of Synchronous Clear Signals                           ; Off                ; Off                ;
; Auto Resource Sharing                                            ; Off                ; Off                ;
; Use LogicLock Constraints during Resource Balancing              ; On                 ; On                 ;
; Ignore translate_off and synthesis_off directives                ; Off                ; Off                ;
; Report Parameter Settings                                        ; On                 ; On                 ;
; Report Source Assignments                                        ; On                 ; On                 ;
; Report Connectivity Checks                                       ; On                 ; On                 ;
; Ignore Maximum Fan-Out Assignments                               ; Off                ; Off                ;
; Synchronization Register Chain Length                            ; 2                  ; 2                  ;
; Power Optimization During Synthesis                              ; Normal compilation ; Normal compilation ;
; HDL message level                                                ; Level2             ; Level2             ;
; Suppress Register Optimization Related Messages                  ; Off                ; Off                ;
; Number of Removed Registers Reported in Synthesis Report         ; 5000               ; 5000               ;
; Number of Swept Nodes Reported in Synthesis Report               ; 5000               ; 5000               ;
; Number of Inverted Registers Reported in Synthesis Report        ; 100                ; 100                ;
; Clock MUX Protection                                             ; On                 ; On                 ;
; Block Design Naming                                              ; Auto               ; Auto               ;
; Synthesis Effort                                                 ; Auto               ; Auto               ;
; Shift Register Replacement - Allow Asynchronous Clear Signal     ; On                 ; On                 ;
; Analysis & Synthesis Message Level                               ; Medium             ; Medium             ;
; Disable Register Merging Across Hierarchies                      ; Auto               ; Auto               ;
+------------------------------------------------------------------+--------------------+--------------------+


+------------------------------------------+
; Parallel Compilation                     ;
+----------------------------+-------------+
; Processors                 ; Number      ;
+----------------------------+-------------+
; Number detected on machine ; 8           ;
; Maximum allowed            ; 8           ;
;                            ;             ;
; Average used               ; 1.00        ;
; Maximum used               ; 1           ;
;                            ;             ;
; Usage by Processor         ; % Time Used ;
;     Processor 1            ; 100.0%      ;
+----------------------------+-------------+


+-------------------------------------------------------------------------------------------------------------------------------+
; Analysis & Synthesis Source Files Read                                                                                        ;
+----------------------------------+-----------------+------------------------+---------------------------------------+---------+
; File Name with User-Entered Path ; Used in Netlist ; File Type              ; File Name with Absolute Path          ; Library ;
+----------------------------------+-----------------+------------------------+---------------------------------------+---------+
; ../crono59m/crono59m.v           ; yes             ; User Verilog HDL File  ; C:/Proyectos_FPGA/crono59m/crono59m.v ;         ;
; ../reloj2/reloj2.v               ; yes             ; User Verilog HDL File  ; C:/Proyectos_FPGA/reloj2/reloj2.v     ;         ;
; reloj4.v                         ; yes             ; User Verilog HDL File  ; C:/Proyectos_FPGA/reloj4/reloj4.v     ;         ;
+----------------------------------+-----------------+------------------------+---------------------------------------+---------+


+-----------------------------------------------------+
; Analysis & Synthesis Resource Usage Summary         ;
+---------------------------------------------+-------+
; Resource                                    ; Usage ;
+---------------------------------------------+-------+
; Total logic elements                        ; 109   ;
;     -- Combinational with no register       ; 69    ;
;     -- Register only                        ; 4     ;
;     -- Combinational with a register        ; 36    ;
;                                             ;       ;
; Logic element usage by number of LUT inputs ;       ;
;     -- 4 input functions                    ; 44    ;
;     -- 3 input functions                    ; 35    ;
;     -- 2 input functions                    ; 25    ;
;     -- 1 input functions                    ; 1     ;
;     -- 0 input functions                    ; 0     ;
;                                             ;       ;
; Logic elements by mode                      ;       ;
;     -- normal mode                          ; 104   ;
;     -- arithmetic mode                      ; 5     ;
;     -- qfbk mode                            ; 0     ;
;     -- register cascade mode                ; 0     ;
;     -- synchronous clear/load mode          ; 8     ;
;     -- asynchronous clear/load mode         ; 0     ;
;                                             ;       ;
; Total registers                             ; 40    ;
; Total logic cells in carry chains           ; 6     ;
; I/O pins                                    ; 20    ;
; Maximum fan-out node                        ; clk   ;
; Maximum fan-out                             ; 40    ;
; Total fan-out                               ; 412   ;
; Average fan-out                             ; 3.19  ;
+---------------------------------------------+-------+


+------------------------------------------------------------------------------------------------------------------------------------------------------------------------------------------------------------------------------------+
; Analysis & Synthesis Resource Utilization by Entity                                                                                                                                                                                ;
+----------------------------+-------------+--------------+------------+------+--------------+--------------+-------------------+------------------+-----------------+------------+---------------------+-------------+--------------+
; Compilation Hierarchy Node ; Logic Cells ; LC Registers ; UFM Blocks ; Pins ; Virtual Pins ; LUT-Only LCs ; Register-Only LCs ; LUT/Register LCs ; Carry Chain LCs ; Packed LCs ; Full Hierarchy Name ; Entity Name ; Library Name ;
+----------------------------+-------------+--------------+------------+------+--------------+--------------+-------------------+------------------+-----------------+------------+---------------------+-------------+--------------+
; |reloj4                    ; 109 (17)    ; 40           ; 0          ; 20   ; 0            ; 69 (16)      ; 4 (0)             ; 36 (1)           ; 6 (0)           ; 0 (0)      ; |reloj4             ; reloj4      ; work         ;
;    |crono59m:x1|           ; 38 (38)     ; 17           ; 0          ; 0    ; 0            ; 21 (21)      ; 1 (1)             ; 16 (16)          ; 0 (0)           ; 0 (0)      ; |reloj4|crono59m:x1 ; crono59m    ; work         ;
;    |reloj2:x0|             ; 54 (54)     ; 22           ; 0          ; 0    ; 0            ; 32 (32)      ; 3 (3)             ; 19 (19)          ; 6 (6)           ; 0 (0)      ; |reloj4|reloj2:x0   ; reloj2      ; work         ;
+----------------------------+-------------+--------------+------------+------+--------------+--------------+-------------------+------------------+-----------------+------------+---------------------+-------------+--------------+
Note: For table entries with two numbers listed, the numbers in parentheses indicate the number of resources of the given type used by the specific entity alone. The numbers listed outside of parentheses indicate the total resources of the given type used by the specific entity and all of its sub-entities in the hierarchy.


+------------------------------------------------------+
; General Register Statistics                          ;
+----------------------------------------------+-------+
; Statistic                                    ; Value ;
+----------------------------------------------+-------+
; Total registers                              ; 40    ;
; Number of registers using Synchronous Clear  ; 8     ;
; Number of registers using Synchronous Load   ; 0     ;
; Number of registers using Asynchronous Clear ; 0     ;
; Number of registers using Asynchronous Load  ; 0     ;
; Number of registers using Clock Enable       ; 12    ;
; Number of registers using Preset             ; 0     ;
+----------------------------------------------+-------+


+------------------------------------------------------------------------------------------------------------------------------------------+
; Multiplexer Restructuring Statistics (Restructuring Performed)                                                                           ;
+--------------------+-----------+---------------+----------------------+------------------------+------------+----------------------------+
; Multiplexer Inputs ; Bus Width ; Baseline Area ; Area if Restructured ; Saving if Restructured ; Registered ; Example Multiplexer Output ;
+--------------------+-----------+---------------+----------------------+------------------------+------------+----------------------------+
; 3:1                ; 4 bits    ; 8 LEs         ; 4 LEs                ; 4 LEs                  ; Yes        ; |reloj4|reloj2:x0|mu[1]    ;
; 3:1                ; 4 bits    ; 8 LEs         ; 4 LEs                ; 4 LEs                  ; Yes        ; |reloj4|reloj2:x0|md[0]    ;
; 4:1                ; 4 bits    ; 8 LEs         ; 4 LEs                ; 4 LEs                  ; Yes        ; |reloj4|crono59m:x1|us[1]  ;
; 4:1                ; 4 bits    ; 8 LEs         ; 4 LEs                ; 4 LEs                  ; Yes        ; |reloj4|crono59m:x1|ds[0]  ;
; 4:1                ; 4 bits    ; 8 LEs         ; 4 LEs                ; 4 LEs                  ; Yes        ; |reloj4|crono59m:x1|um[0]  ;
; 3:1                ; 4 bits    ; 8 LEs         ; 8 LEs                ; 0 LEs                  ; No         ; |reloj4|reloj2:x0|hu       ;
; 3:1                ; 4 bits    ; 8 LEs         ; 8 LEs                ; 0 LEs                  ; No         ; |reloj4|reloj2:x0|hd       ;
; 4:1                ; 4 bits    ; 8 LEs         ; 8 LEs                ; 0 LEs                  ; No         ; |reloj4|crono59m:x1|dm     ;
+--------------------+-----------+---------------+----------------------+------------------------+------------+----------------------------+


+------------------------------------------------------------------------+
; Parameter Settings for User Entity Instance: Top-level Entity: |reloj4 ;
+----------------+-------+-----------------------------------------------+
; Parameter Name ; Value ; Type                                          ;
+----------------+-------+-----------------------------------------------+
; reloj          ; 0     ; Signed Integer                                ;
; cronometro     ; 1     ; Signed Integer                                ;
+----------------+-------+-----------------------------------------------+
Note: In order to hide this table in the UI and the text report file, please set the "Show Parameter Settings in Synthesis Report" option in "Analysis and Synthesis Settings -> More Settings" to "Off".


+----------------------------------------------------------+
; Parameter Settings for User Entity Instance: crono59m:x1 ;
+----------------+-------+---------------------------------+
; Parameter Name ; Value ; Type                            ;
+----------------+-------+---------------------------------+
; pausa          ; 0     ; Signed Integer                  ;
; cuenta         ; 1     ; Signed Integer                  ;
+----------------+-------+---------------------------------+
Note: In order to hide this table in the UI and the text report file, please set the "Show Parameter Settings in Synthesis Report" option in "Analysis and Synthesis Settings -> More Settings" to "Off".


+-------------------------------+
; Analysis & Synthesis Messages ;
+-------------------------------+
Info: *******************************************************************
Info: Running Quartus Prime Analysis & Synthesis
    Info: Version 20.1.0 Build 711 06/05/2020 SJ Lite Edition
    Info: Processing started: Fri Mar 18 18:50:36 2022
Info: Command: quartus_map --read_settings_files=on --write_settings_files=off reloj4 -c reloj4
Warning (18236): Number of processors has not been specified which may cause overloading on shared machines.  Set the global assignment NUM_PARALLEL_PROCESSORS in your QSF to an appropriate value for best performance.
Info (20030): Parallel compilation is enabled and will use 8 of the 8 processors detected
Info (12021): Found 1 design units, including 1 entities, in source file /proyectos_fpga/crono59m/crono59m.v
    Info (12023): Found entity 1: crono59m File: C:/Proyectos_FPGA/crono59m/crono59m.v Line: 5
Info (12021): Found 1 design units, including 1 entities, in source file /proyectos_fpga/reloj2/reloj2.v
    Info (12023): Found entity 1: reloj2 File: C:/Proyectos_FPGA/reloj2/reloj2.v Line: 6
Info (12021): Found 1 design units, including 1 entities, in source file reloj4.v
    Info (12023): Found entity 1: reloj4 File: C:/Proyectos_FPGA/reloj4/reloj4.v Line: 5
Info (12127): Elaborating entity "reloj4" for the top level hierarchy
Warning (10230): Verilog HDL assignment warning at reloj4.v(36): truncated value with size 32 to match size of target (1) File: C:/Proyectos_FPGA/reloj4/reloj4.v Line: 36
Warning (10230): Verilog HDL assignment warning at reloj4.v(41): truncated value with size 32 to match size of target (1) File: C:/Proyectos_FPGA/reloj4/reloj4.v Line: 41
Warning (10230): Verilog HDL assignment warning at reloj4.v(44): truncated value with size 32 to match size of target (1) File: C:/Proyectos_FPGA/reloj4/reloj4.v Line: 44
Info (12128): Elaborating entity "reloj2" for hierarchy "reloj2:x0" File: C:/Proyectos_FPGA/reloj4/reloj4.v Line: 28
Warning (10230): Verilog HDL assignment warning at reloj2.v(38): truncated value with size 32 to match size of target (6) File: C:/Proyectos_FPGA/reloj2/reloj2.v Line: 38
Warning (10230): Verilog HDL assignment warning at reloj2.v(49): truncated value with size 32 to match size of target (4) File: C:/Proyectos_FPGA/reloj2/reloj2.v Line: 49
Warning (10230): Verilog HDL assignment warning at reloj2.v(59): truncated value with size 32 to match size of target (4) File: C:/Proyectos_FPGA/reloj2/reloj2.v Line: 59
Warning (10230): Verilog HDL assignment warning at reloj2.v(69): truncated value with size 32 to match size of target (4) File: C:/Proyectos_FPGA/reloj2/reloj2.v Line: 69
Warning (10230): Verilog HDL assignment warning at reloj2.v(81): truncated value with size 32 to match size of target (4) File: C:/Proyectos_FPGA/reloj2/reloj2.v Line: 81
Info (12128): Elaborating entity "crono59m" for hierarchy "crono59m:x1" File: C:/Proyectos_FPGA/reloj4/reloj4.v Line: 29
Warning (10230): Verilog HDL assignment warning at crono59m.v(32): truncated value with size 32 to match size of target (1) File: C:/Proyectos_FPGA/crono59m/crono59m.v Line: 32
Warning (10230): Verilog HDL assignment warning at crono59m.v(38): truncated value with size 32 to match size of target (1) File: C:/Proyectos_FPGA/crono59m/crono59m.v Line: 38
Warning (10230): Verilog HDL assignment warning at crono59m.v(43): truncated value with size 32 to match size of target (1) File: C:/Proyectos_FPGA/crono59m/crono59m.v Line: 43
Warning (10230): Verilog HDL assignment warning at crono59m.v(58): truncated value with size 32 to match size of target (4) File: C:/Proyectos_FPGA/crono59m/crono59m.v Line: 58
Warning (10230): Verilog HDL assignment warning at crono59m.v(73): truncated value with size 32 to match size of target (4) File: C:/Proyectos_FPGA/crono59m/crono59m.v Line: 73
Warning (10230): Verilog HDL assignment warning at crono59m.v(87): truncated value with size 32 to match size of target (4) File: C:/Proyectos_FPGA/crono59m/crono59m.v Line: 87
Warning (10230): Verilog HDL assignment warning at crono59m.v(101): truncated value with size 32 to match size of target (4) File: C:/Proyectos_FPGA/crono59m/crono59m.v Line: 101
Info (21057): Implemented 129 device resources after synthesis - the final resource count might be different
    Info (21058): Implemented 4 input pins
    Info (21059): Implemented 16 output pins
    Info (21061): Implemented 109 logic cells
Info: Quartus Prime Analysis & Synthesis was successful. 0 errors, 16 warnings
    Info: Peak virtual memory: 4692 megabytes
    Info: Processing ended: Fri Mar 18 18:50:51 2022
    Info: Elapsed time: 00:00:15
    Info: Total CPU time (on all processors): 00:00:39


